[debug] [2024-08-20T22:16:49.625Z] ----------------------------------------------------------------------
[debug] [2024-08-20T22:16:49.630Z] Command:       C:\Program Files\nodejs\node.exe C:\Users\manyog\AppData\Roaming\npm\node_modules\firebase-tools\lib\bin\firebase.js init
[debug] [2024-08-20T22:16:49.630Z] CLI Version:   13.15.3
[debug] [2024-08-20T22:16:49.631Z] Platform:      win32
[debug] [2024-08-20T22:16:49.631Z] Node Version:  v20.16.0
[debug] [2024-08-20T22:16:49.631Z] Time:          Tue Aug 20 2024 15:16:49 GMT-0700 (Pacific Daylight Time)
[debug] [2024-08-20T22:16:49.631Z] ----------------------------------------------------------------------
[debug] 
[debug] [2024-08-20T22:16:49.644Z] > command requires scopes: ["email","openid","https://www.googleapis.com/auth/cloudplatformprojects.readonly","https://www.googleapis.com/auth/firebase","https://www.googleapis.com/auth/cloud-platform"]
[debug] [2024-08-20T22:16:49.645Z] > authorizing via signed-in user (yogeshmanni786@gmail.com)
[info] 
     ######## #### ########  ######## ########     ###     ######  ########
     ##        ##  ##     ## ##       ##     ##  ##   ##  ##       ##
     ######    ##  ########  ######   ########  #########  ######  ######
     ##        ##  ##    ##  ##       ##     ## ##     ##       ## ##
     ##       #### ##     ## ######## ########  ##     ##  ######  ########

You're about to initialize a Firebase project in this directory:

  C:\Users\manyog\Documents\Timesheet\chatify-frontend

[info] 
=== Project Setup
[info] 
[info] First, let's associate this project directory with a Firebase project.
[info] You can create multiple project aliases by running firebase use --add, 
[info] but for now we'll just set up a default project.
[info] 
[debug] [2024-08-20T22:17:16.142Z] > refreshing access token with scopes: []
[debug] [2024-08-20T22:17:16.146Z] >>> [apiv2][query] POST https://www.googleapis.com/oauth2/v3/token [none]
[debug] [2024-08-20T22:17:16.147Z] >>> [apiv2][body] POST https://www.googleapis.com/oauth2/v3/token [omitted]
[debug] [2024-08-20T22:17:16.294Z] <<< [apiv2][status] POST https://www.googleapis.com/oauth2/v3/token 200
[debug] [2024-08-20T22:17:16.295Z] <<< [apiv2][body] POST https://www.googleapis.com/oauth2/v3/token [omitted]
[debug] [2024-08-20T22:17:16.303Z] >>> [apiv2][query] GET https://firebase.googleapis.com/v1beta1/projects pageSize=100
[debug] [2024-08-20T22:17:16.629Z] <<< [apiv2][status] GET https://firebase.googleapis.com/v1beta1/projects 200
[debug] [2024-08-20T22:17:16.629Z] <<< [apiv2][body] GET https://firebase.googleapis.com/v1beta1/projects [omitted]
[info] i  Using project chatify01 (chatify) 
[info] 
=== Hosting Setup
[debug] [2024-08-20T22:17:19.641Z] >>> [apiv2][query] GET https://firebase.googleapis.com/v1beta1/projects/chatify01 [none]
[debug] [2024-08-20T22:17:19.769Z] <<< [apiv2][status] GET https://firebase.googleapis.com/v1beta1/projects/chatify01 200
[debug] [2024-08-20T22:17:19.769Z] <<< [apiv2][body] GET https://firebase.googleapis.com/v1beta1/projects/chatify01 {"projectId":"chatify01","projectNumber":"44663283127","displayName":"chatify","name":"projects/chatify01","resources":{"hostingSite":"chatify01","storageBucket":"chatify01.appspot.com","locationId":"us-central"},"state":"ACTIVE","etag":"1_a3583b77-f9ca-4f62-8e57-7de565874b6d"}
[info] 
[info] Your public directory is the folder (relative to your project directory) that
[info] will contain Hosting assets to be uploaded with firebase deploy. If you
[info] have a build process for your assets, use your build's output directory.
[info] 
